::1 - - [19/Jan/2017:00:19:37 +0800] "GET /html/activity/reserve.html HTTP/1.1" 404 308
::1 - - [19/Jan/2017:00:19:49 +0800] "GET / HTTP/1.1" 200 4825
::1 - - [19/Jan/2017:00:19:50 +0800] "GET /index.php?img=gifLogo HTTP/1.1" 200 4549
::1 - - [19/Jan/2017:00:19:50 +0800] "GET /index.php?img=pngPlugin HTTP/1.1" 200 548
::1 - - [19/Jan/2017:00:19:51 +0800] "GET /index.php?img=pngFolderGo HTTP/1.1" 200 694
::1 - - [19/Jan/2017:00:19:51 +0800] "GET /index.php?img=pngWrench HTTP/1.1" 200 741
::1 - - [19/Jan/2017:00:19:51 +0800] "GET /index.php?img=pngFolder HTTP/1.1" 200 850
::1 - - [19/Jan/2017:00:19:51 +0800] "GET /index.php?img=favicon HTTP/1.1" 200 1429
::1 - - [19/Jan/2017:00:20:18 +0800] "GET /html/activity/reserve.html HTTP/1.1" 404 308
::1 - - [19/Jan/2017:00:21:32 +0800] "GET /html/activity/reserve.html HTTP/1.1" 404 308
::1 - - [19/Jan/2017:00:22:12 +0800] "GET /wechat/html/activity/reserve.html HTTP/1.1" 200 3978
::1 - - [19/Jan/2017:00:22:12 +0800] "GET /wechat/css/activity/finacing.css HTTP/1.1" 200 22801
::1 - - [19/Jan/2017:00:22:12 +0800] "GET /wechat/img/activity/reserve/finacing01.png HTTP/1.1" 200 1637970
::1 - - [19/Jan/2017:00:22:12 +0800] "GET /wechat/js/jr.js HTTP/1.1" 200 59012
::1 - - [19/Jan/2017:00:22:12 +0800] "GET /wechat/js/syx.js HTTP/1.1" 200 27321
::1 - - [19/Jan/2017:00:22:12 +0800] "GET /wechat/js/accounting.min.js HTTP/1.1" 200 3136
::1 - - [19/Jan/2017:00:22:12 +0800] "GET /wechat/js/activity/sendMSG9.js HTTP/1.1" 200 2197
::1 - - [19/Jan/2017:00:22:12 +0800] "GET /wechat/js/activity/financing9.js HTTP/1.1" 200 10267
::1 - - [19/Jan/2017:00:22:12 +0800] "GET /wechat/img/activity/reserve/per01.png HTTP/1.1" 200 13218
::1 - - [19/Jan/2017:00:22:12 +0800] "GET /wechat/img/activity/reserve/per02.png HTTP/1.1" 200 13252
::1 - - [19/Jan/2017:00:22:16 +0800] "GET /wechat/html/activity/reserve.html HTTP/1.1" 200 3978
::1 - - [19/Jan/2017:00:22:16 +0800] "GET /wechat/css/activity/finacing.css HTTP/1.1" 200 22801
::1 - - [19/Jan/2017:00:22:16 +0800] "GET /wechat/img/activity/reserve/finacing01.png HTTP/1.1" 200 1637970
::1 - - [19/Jan/2017:00:22:16 +0800] "GET /wechat/js/jr.js HTTP/1.1" 200 59012
::1 - - [19/Jan/2017:00:22:16 +0800] "GET /wechat/js/syx.js HTTP/1.1" 200 27321
::1 - - [19/Jan/2017:00:22:16 +0800] "GET /wechat/js/accounting.min.js HTTP/1.1" 200 3136
::1 - - [19/Jan/2017:00:22:16 +0800] "GET /wechat/js/activity/sendMSG9.js HTTP/1.1" 200 2197
::1 - - [19/Jan/2017:00:22:16 +0800] "GET /wechat/js/activity/financing9.js HTTP/1.1" 200 10267
::1 - - [19/Jan/2017:00:22:16 +0800] "GET /wechat/img/activity/reserve/per02.png HTTP/1.1" 200 13252
::1 - - [19/Jan/2017:00:22:16 +0800] "GET /wechat/img/activity/reserve/per01.png HTTP/1.1" 200 13218
::1 - - [19/Jan/2017:00:22:23 +0800] "GET /wechat/html/activity/reserve.html HTTP/1.1" 200 3978
::1 - - [19/Jan/2017:00:22:23 +0800] "GET /wechat/css/activity/finacing.css HTTP/1.1" 200 22801
::1 - - [19/Jan/2017:00:22:23 +0800] "GET /wechat/img/activity/reserve/finacing01.png HTTP/1.1" 200 1637970
::1 - - [19/Jan/2017:00:22:23 +0800] "GET /wechat/js/jr.js HTTP/1.1" 200 59012
::1 - - [19/Jan/2017:00:22:23 +0800] "GET /wechat/js/accounting.min.js HTTP/1.1" 200 3136
::1 - - [19/Jan/2017:00:22:23 +0800] "GET /wechat/js/syx.js HTTP/1.1" 200 27321
::1 - - [19/Jan/2017:00:22:23 +0800] "GET /wechat/js/activity/financing9.js HTTP/1.1" 200 10267
::1 - - [19/Jan/2017:00:22:23 +0800] "GET /wechat/js/activity/sendMSG9.js HTTP/1.1" 200 2197
::1 - - [19/Jan/2017:00:22:23 +0800] "GET /wechat/img/activity/reserve/per01.png HTTP/1.1" 200 13218
::1 - - [19/Jan/2017:00:22:23 +0800] "GET /wechat/img/activity/reserve/per02.png HTTP/1.1" 200 13252
::1 - - [19/Jan/2017:00:22:24 +0800] "GET /wechat/img/activity/reserve/goodluck.png HTTP/1.1" 200 29567
::1 - - [19/Jan/2017:00:22:24 +0800] "GET /wechat/img/activity/reserve/cha.png HTTP/1.1" 200 24650
::1 - - [19/Jan/2017:00:22:24 +0800] "GET /wechat/img/activity/reserve/bg01.png HTTP/1.1" 200 446499
::1 - - [19/Jan/2017:00:22:30 +0800] "POST /client/index.php HTTP/1.1" 404 298
